#
# A fatal error has been detected by the Java Runtime Environment:
#
#  EXCEPTION_ACCESS_VIOLATION (0xc0000005) at pc=0x6d94fd51, pid=1356, tid=2692
#
# JRE version: 6.0_18-b07
# Java VM: Java HotSpot(TM) Client VM (16.0-b13 mixed mode windows-x86 )
# Problematic frame:
# V  [jvm.dll+0x9fd51]
#
# If you would like to submit a bug report, please visit:
#   http://java.sun.com/webapps/bugreport/crash.jsp
#

---------------  T H R E A D  ---------------

Current thread (0x002b7800):  JavaThread "main" [_thread_in_vm, id=2692, stack(0x008c0000,0x00910000)]

siginfo: ExceptionCode=0xc0000005, reading address 0x00000004

Registers:
EAX=0x00000024, EBX=0x00000000, ECX=0x12b559e8, EDX=0x002b80b4
ESP=0x0090f984, EBP=0x0090fab4, ESI=0x002b80b0, EDI=0x00000000
EIP=0x6d94fd51, EFLAGS=0x00010206

Top of Stack: (sp=0x0090f984)
0x0090f984:   002b7800 12b559e8 002b80ac 002b7800
0x0090f994:   00000018 0090f98c 0090f990 0090f9d0
0x0090f9a4:   6d8b1086 002b7800 002b7800 002b7800
0x0090f9b4:   002b59f8 0090f9ac 0090f9b0 0090fdb8
0x0090f9c4:   6daabad0 6daad2f0 ffffffff 0090f9e0
0x0090f9d4:   6d8b10e0 002b7800 081c3020 0090fa00
0x0090f9e4:   6d9e4e51 002b7800 00000006 00000004
0x0090f9f4:   6d454700 002b59f8 16b60338 00000000 

Instructions: (pc=0x6d94fd51)
0x6d94fd41:   8b 0e 8d 04 9d 24 00 00 00 57 8b 3c 08 89 45 f8
0x6d94fd51:   8b 47 04 8b 50 08 8d 48 08 ff 92 8c 00 00 00 84 


Stack: [0x008c0000,0x00910000],  sp=0x0090f984,  free space=13e0090f4b8k
Native frames: (J=compiled Java code, j=interpreted, Vv=VM code, C=native code)
V  [jvm.dll+0x9fd51]
V  [jvm.dll+0x5a7f2]
V  [jvm.dll+0xa027c]
V  [jvm.dll+0x152fc7]
V  [jvm.dll+0x154e2b]
V  [jvm.dll+0x155a87]
V  [jvm.dll+0x155c6a]
V  [jvm.dll+0xee37f]
j  PlayerTwo.crossFormBadDownWords(LWord;LWord;LAnchor;)Z+167
j  PlayerTwo.onlyLegalMoving(Ljava/util/ArrayList;)V+309
j  Main.main([Ljava/lang/String;)V+278
v  ~StubRoutines::call_stub
V  [jvm.dll+0xf072c]
V  [jvm.dll+0x17fd51]
V  [jvm.dll+0xf07ad]
V  [jvm.dll+0xf9e55]
V  [jvm.dll+0x101aad]
C  [java.exe+0x2155]
C  [java.exe+0x85b4]
C  [kernel32.dll+0xb729]

Java frames: (J=compiled Java code, j=interpreted, Vv=VM code)
j  PlayerTwo.crossFormBadDownWords(LWord;LWord;LAnchor;)Z+167
j  PlayerTwo.onlyLegalMoving(Ljava/util/ArrayList;)V+309
j  Main.main([Ljava/lang/String;)V+278
v  ~StubRoutines::call_stub

---------------  P R O C E S S  ---------------

Java Threads: ( => current thread )
  0x16b78800 JavaThread "Low Memory Detector" daemon [_thread_blocked, id=4036, stack(0x16ec0000,0x16f10000)]
  0x16b74c00 JavaThread "CompilerThread0" daemon [_thread_blocked, id=964, stack(0x16e70000,0x16ec0000)]
  0x16b72c00 JavaThread "JDWP Command Reader" daemon [_thread_in_native, id=3968, stack(0x16e20000,0x16e70000)]
  0x16b67800 JavaThread "JDWP Event Helper Thread" daemon [_thread_blocked, id=2056, stack(0x16dd0000,0x16e20000)]
  0x16b65000 JavaThread "JDWP Transport Listener: dt_shmem" daemon [_thread_blocked, id=3044, stack(0x16d80000,0x16dd0000)]
  0x16b5a000 JavaThread "Attach Listener" daemon [_thread_blocked, id=2116, stack(0x16d10000,0x16d60000)]
  0x16b58800 JavaThread "Signal Dispatcher" daemon [_thread_blocked, id=3888, stack(0x16cc0000,0x16d10000)]
  0x16b48400 JavaThread "Finalizer" daemon [_thread_blocked, id=3780, stack(0x16c70000,0x16cc0000)]
  0x16b43c00 JavaThread "Reference Handler" daemon [_thread_blocked, id=2756, stack(0x16c20000,0x16c70000)]
=>0x002b7800 JavaThread "main" [_thread_in_vm, id=2692, stack(0x008c0000,0x00910000)]

Other Threads:
  0x16b41000 VMThread [stack: 0x16bd0000,0x16c20000] [id=1208]
  0x16b93c00 WatcherThread [stack: 0x16f10000,0x16f60000] [id=3168]

VM state:not at safepoint (normal execution)

VM Mutex/Monitor currently owned by a thread: None

Heap
 def new generation   total 4928K, used 4031K [0x02990000, 0x02ee0000, 0x07ee0000)
  eden space 4416K,  86% used [0x02990000, 0x02d477a0, 0x02de0000)
  from space 512K,  44% used [0x02de0000, 0x02e18858, 0x02e60000)
  to   space 512K,   0% used [0x02e60000, 0x02e60000, 0x02ee0000)
 tenured generation   total 10944K, used 10447K [0x07ee0000, 0x08990000, 0x12990000)
   the space 10944K,  95% used [0x07ee0000, 0x08913d20, 0x08913e00, 0x08990000)
 compacting perm gen  total 12288K, used 1831K [0x12990000, 0x13590000, 0x16990000)
   the space 12288K,  14% used [0x12990000, 0x12b59f38, 0x12b5a000, 0x13590000)
No shared spaces configured.

Dynamic libraries:
0x00400000 - 0x00424000 	C:\Program Files\Java\jdk1.6.0_18\jre\bin\java.exe
0x7c900000 - 0x7c9b2000 	C:\WINDOWS\system32\ntdll.dll
0x7c800000 - 0x7c8f6000 	C:\WINDOWS\system32\kernel32.dll
0x77dd0000 - 0x77e6b000 	C:\WINDOWS\system32\ADVAPI32.dll
0x77e70000 - 0x77f02000 	C:\WINDOWS\system32\RPCRT4.dll
0x77fe0000 - 0x77ff1000 	C:\WINDOWS\system32\Secur32.dll
0x7c340000 - 0x7c396000 	C:\Program Files\Java\jdk1.6.0_18\jre\bin\msvcr71.dll
0x6d8b0000 - 0x6db47000 	C:\Program Files\Java\jdk1.6.0_18\jre\bin\client\jvm.dll
0x7e410000 - 0x7e4a1000 	C:\WINDOWS\system32\USER32.dll
0x77f10000 - 0x77f59000 	C:\WINDOWS\system32\GDI32.dll
0x76b40000 - 0x76b6d000 	C:\WINDOWS\system32\WINMM.dll
0x76390000 - 0x763ad000 	C:\WINDOWS\system32\IMM32.DLL
0x6d860000 - 0x6d86c000 	C:\Program Files\Java\jdk1.6.0_18\jre\bin\verify.dll
0x6d3e0000 - 0x6d3ff000 	C:\Program Files\Java\jdk1.6.0_18\jre\bin\java.dll
0x6d340000 - 0x6d348000 	C:\Program Files\Java\jdk1.6.0_18\jre\bin\hpi.dll
0x76bf0000 - 0x76bfb000 	C:\WINDOWS\system32\PSAPI.DLL
0x6d430000 - 0x6d459000 	C:\Program Files\Java\jdk1.6.0_18\jre\bin\jdwp.dll
0x6d750000 - 0x6d756000 	C:\Program Files\Java\jdk1.6.0_18\jre\bin\npt.dll
0x6d8a0000 - 0x6d8af000 	C:\Program Files\Java\jdk1.6.0_18\jre\bin\zip.dll
0x6d2a0000 - 0x6d2a8000 	C:\Program Files\Java\jdk1.6.0_18\jre\bin\dt_shmem.dll

VM Arguments:
jvm_args: -Xbootclasspath/p:C:\Documents and Settings\Patrick\My Documents\Tutoring\Java\Jin-Yung Rhee\Gaming\${endorsed.classpath} -Xdebug -Xrunjdwp:transport=dt_shmem,address=javadebug -Dfile.encoding=UTF-8 
java_command: Main
Launcher Type: SUN_STANDARD

Environment Variables:
JAVA_HOME=C:\Program Files\Java\jdk1.5.0_16
CLASSPATH=.;C:\Program Files\QuickTime\QTSystem\QTJava.zip;C:\PROGRA~1\IBM\SQLLIB\java\db2java.zip;C:\PROGRA~1\IBM\SQLLIB\java\db2jcc.jar;C:\PROGRA~1\IBM\SQLLIB\java\sqlj.zip;C:\PROGRA~1\IBM\SQLLIB\java\db2jcc_license_cu.jar;C:\PROGRA~1\IBM\SQLLIB\bin;C:\PROGRA~1\IBM\SQLLIB\java\common.jar;C:\Docume~1\Patrick\My Doc~1\Tutoring\Terry ~1\compute\build\classes\compute;C:\Docume~1\Patrick\My Doc~1\Tutoring\Terry ~1\compute\dist
PATH=C:\WINDOWS\system32;C:\WINDOWS;C:\WINDOWS\system32\wbem;C:\oraclexe\app\oracle\product\10.2.0\server\bin;c:\Program Files\Microsoft SQL Server\90\Tools\binn;C:\PROGRA~1\IBM\SQLLIB\BIN;C:\PROGRA~1\IBM\SQLLIB\FUNCTION;C:\PROGRA~1\IBM\SQLLIB\SAMPLES\REPL;C:\Program Files\QuickTime\QTSystem;c:\Program Files\Microsoft SQL Server\100\Tools\Binn\;c:\Program Files\Microsoft SQL Server\100\DTS\Binn\;C:\WINDOWS\system32\WindowsPowerShell\v1.0;c:\Program Files\Microsoft SQL Server\100\Tools\Binn\VSShell\Common7\IDE\;C:\Program Files\TSE\Regular Expression Component Library Vc9\Dll
USERNAME=Patrick
OS=Windows_NT
PROCESSOR_IDENTIFIER=x86 Family 6 Model 15 Stepping 13, GenuineIntel



---------------  S Y S T E M  ---------------

OS: Windows XP Build 2600 Service Pack 3

CPU:total 2 (2 cores per cpu, 1 threads per core) family 6 model 15 stepping 13, cmov, cx8, fxsr, mmx, sse, sse2, sse3, ssse3

Memory: 4k page, physical 2087244k(1089024k free), swap 4024480k(3061336k free)

vm_info: Java HotSpot(TM) Client VM (16.0-b13) for windows-x86 JRE (1.6.0_18-b07), built on Dec 17 2009 13:35:55 by "java_re" with MS VC++ 7.1 (VS2003)

time: Sat Mar 27 07:44:17 2010
elapsed time: 294 seconds

